<?xml version="1.0" encoding="UTF-8"?>
<!-- Generated by org.testng.reporters.JUnitXMLReporter -->
<testsuite ignored="0" hostname="LTCH-B3J24253GP" failures="2" tests="9" name="TestNG" time="0.685" errors="0" timestamp="2024-10-27T15:05:31 IST">
  <testcase classname="session41_RetryFailedTestCases.TestCasesExample" name="tc01" time="0.186">
    <skipped/>
  </testcase> <!-- tc01 -->
  <testcase classname="session41_RetryFailedTestCases.TestCasesExample" name="tc01" time="0.012">
    <skipped/>
  </testcase> <!-- tc01 -->
  <testcase classname="session41_RetryFailedTestCases.TestCasesExample" name="tc01" time="0.008">
    <skipped/>
  </testcase> <!-- tc01 -->
  <testcase classname="session41_RetryFailedTestCases.TestCasesExample" name="tc01" time="0.008">
    <failure type="java.lang.AssertionError" message="expected [true] but found [false]">
      <![CDATA[java.lang.AssertionError: expected [true] but found [false]
at session41_RetryFailedTestCases.TestCasesExample.tc01(TestCasesExample.java:10)
at java.base/java.util.ArrayList.forEach(ArrayList.java:1596)
... Removed 29 stack frames]]>
    </failure>
  </testcase> <!-- tc01 -->
  <testcase classname="session41_RetryFailedTestCases.TestCasesExample" name="tc02" time="0.019">
    <skipped/>
  </testcase> <!-- tc02 -->
  <testcase classname="session41_RetryFailedTestCases.TestCasesExample" name="tc02" time="0.01">
    <skipped/>
  </testcase> <!-- tc02 -->
  <testcase classname="session41_RetryFailedTestCases.TestCasesExample" name="tc02" time="0.02">
    <skipped/>
  </testcase> <!-- tc02 -->
  <testcase classname="session41_RetryFailedTestCases.TestCasesExample" name="tc02" time="0.019">
    <failure type="java.lang.AssertionError" message="expected [true] but found [false]">
      <![CDATA[java.lang.AssertionError: expected [true] but found [false]
at session41_RetryFailedTestCases.TestCasesExample.tc02(TestCasesExample.java:15)
at java.base/java.util.ArrayList.forEach(ArrayList.java:1596)
... Removed 29 stack frames]]>
    </failure>
  </testcase> <!-- tc02 -->
  <testcase classname="session41_RetryFailedTestCases.TestCasesExample" name="tc03" time="0.009"/>
</testsuite> <!-- TestNG -->
